<?xml version="1.0" encoding="UTF-8"?>
<!-- Generated by org.testng.reporters.JUnitReportReporter -->
<testsuite hostname="server4.example.com" name="com.a.b.c.AppTest1" tests="1" failures="0" timestamp="13 Apr 2019 04:06:56 GMT" time="0.000" errors="0">
  <testcase name="unitLevel1" time="0.000" classname="com.a.b.c.AppTest1"/>
</testsuite> <!-- com.a.b.c.AppTest1 -->
